{
  "0 debug pnpm:scope": {
    "selected": 3,
    "total": 3,
    "workspacePrefix": "D:\\construct\\vue3-micro-frontend"
  },
  "1 debug pnpm:package-manifest": {
    "initial": {
      "name": "npm-workspace-test",
      "version": "0.0.1",
      "scripts": {
        "dev": "vite",
        "dev-divide": "npm run dev -w packages/divide",
        "build": "vite build",
        "preview": "vite preview"
      },
      "workspaces": [
        "packages/*"
      ],
      "dependencies": {
        "vue": "^3.2.6",
        "vuex": "^4.0.2",
        "vue-router": "^4.0.11"
      },
      "devDependencies": {
        "@fai/divide": "workspace:*",
        "@vitejs/plugin-vue": "^2.0.0",
        "rimraf": "3.0.2",
        "virtual-module": "^0.4.0",
        "vite": "2.7.13"
      }
    },
    "prefix": "D:\\construct\\vue3-micro-frontend"
  },
  "2 debug pnpm:package-manifest": {
    "initial": {
      "name": "main",
      "version": "0.0.0",
      "scripts": {
        "start": "vite",
        "dev": "vite",
        "build": "vite build",
        "serve": "vite preview"
      },
      "dependencies": {
        "vue": "^3.2.6",
        "vuex": "^4.0.2",
        "vue-router": "^4.0.11"
      },
      "devDependencies": {
        "@vitejs/plugin-vue": "^1.6.0",
        "@vue/compiler-sfc": "^3.2.6",
        "vite": "^2.5.8",
        "eslint": "^7.32.0",
        "eslint-plugin-import": "^2.24.2",
        "eslint-plugin-node": "^11.1.0",
        "eslint-plugin-prettier": "^4.0.0",
        "eslint-plugin-promise": "^5.1.0",
        "eslint-plugin-standard": "^5.0.0",
        "eslint-plugin-vue": "^7.17.0",
        "prettier": "^2.4.1",
        "sass": "^1.41.1"
      }
    },
    "prefix": "D:\\construct\\vue3-micro-frontend\\packages\\host"
  },
  "3 debug pnpm:package-manifest": {
    "initial": {
      "name": "main",
      "version": "0.0.0",
      "scripts": {
        "start": "vite",
        "dev": "vite",
        "build": "vite build",
        "serve": "vite preview"
      },
      "dependencies": {
        "nprogress": "^0.2.0",
        "qiankun": "^2.6.2",
        "vue": "^3.2.6",
        "vuex": "^4.0.2",
        "vue-router": "^4.0.11"
      },
      "devDependencies": {
        "@vitejs/plugin-vue": "^1.6.0",
        "@vue/compiler-sfc": "^3.2.6",
        "vite": "^2.5.8",
        "eslint": "^7.32.0",
        "eslint-plugin-import": "^2.24.2",
        "eslint-plugin-node": "^11.1.0",
        "eslint-plugin-prettier": "^4.0.0",
        "eslint-plugin-promise": "^5.1.0",
        "eslint-plugin-standard": "^5.0.0",
        "eslint-plugin-vue": "^7.17.0",
        "prettier": "^2.4.1",
        "sass": "^1.41.1"
      }
    },
    "prefix": "D:\\construct\\vue3-micro-frontend\\packages\\remote"
  },
  "4 debug pnpm:context": {
    "currentLockfileExists": false,
    "storeDir": "D:\\.pnpm-store\\v3",
    "virtualStoreDir": "D:\\construct\\vue3-micro-frontend\\node_modules\\.pnpm"
  },
  "5 debug pnpm:stage": {
    "prefix": "D:\\construct\\vue3-micro-frontend",
    "stage": "resolution_started"
  },
  "6 error pnpm": {
    "code": "ERR_PNPM_NO_MATCHING_VERSION_INSIDE_WORKSPACE",
    "pkgsStack": [],
    "err": {
      "name": "pnpm",
      "message": "In : No matching version found for @fai/divide@* inside the workspace",
      "code": "ERR_PNPM_NO_MATCHING_VERSION_INSIDE_WORKSPACE",
      "stack": "pnpm: In : No matching version found for @fai/divide@* inside the workspace\n    at tryResolveFromWorkspace (D:\\nodejs\\node_modules\\pnpm\\dist\\pnpm.cjs:85335:15)\n    at resolveNpm (D:\\nodejs\\node_modules\\pnpm\\dist\\pnpm.cjs:85226:39)\n    at Object.resolve (D:\\nodejs\\node_modules\\pnpm\\dist\\pnpm.cjs:85458:40)\n    at ctx.requestsQueue.add.priority (D:\\nodejs\\node_modules\\pnpm\\dist\\pnpm.cjs:71417:75)\n    at run (D:\\nodejs\\node_modules\\pnpm\\dist\\pnpm.cjs:71156:90)\n    at PQueue._tryToStartAnother (D:\\nodejs\\node_modules\\pnpm\\dist\\pnpm.cjs:71110:13)\n    at D:\\nodejs\\node_modules\\pnpm\\dist\\pnpm.cjs:71169:16\n    at new Promise (<anonymous>)\n    at PQueue.add (D:\\nodejs\\node_modules\\pnpm\\dist\\pnpm.cjs:71151:16)\n    at resolveAndFetch (D:\\nodejs\\node_modules\\pnpm\\dist\\pnpm.cjs:71417:55)"
    }
  }
}